<?xml version="1.0" encoding="UTF-8"?>
<!-- Generated by org.testng.reporters.JUnitReportReporter -->
<testsuite hostname="DESKTOP-AP33V73" failures="0" tests="1" name="firstpackage.maven.Project_Maven.launchbrowser" time="2.780" errors="0" timestamp="2024-12-15T21:18:27 IST" skipped="0">
  <testcase classname="firstpackage.maven.Project_Maven.launchbrowser" name="login" time="2.780"/>
  <system-out/>
</testsuite> <!-- firstpackage.maven.Project_Maven.launchbrowser -->
