<?xml version="1.0" encoding="UTF-8"?>
<!-- Generated by org.testng.reporters.JUnitReportReporter -->
<testsuite hostname="DESKTOP-AP33V73" failures="0" tests="1" name="firstpackage.maven.Project_Maven.Login_fb" time="4.227" errors="0" timestamp="2024-12-16T13:38:31 IST" skipped="0">
  <testcase classname="firstpackage.maven.Project_Maven.Login_fb" name="login" time="4.227"/>
  <system-out/>
</testsuite> <!-- firstpackage.maven.Project_Maven.Login_fb -->
