<?xml version="1.0" encoding="UTF-8"?>
<!-- Generated by org.testng.reporters.JUnitReportReporter -->
<testsuite hostname="DESKTOP-AP33V73" failures="0" tests="1" name="test.Testcase3" time="38.764" errors="0" timestamp="2024-12-17T16:39:58 IST" skipped="0">
  <testcase classname="test.Testcase3" name="login" time="38.764"/>
  <system-out/>
</testsuite> <!-- test.Testcase3 -->
