<?xml version="1.0" encoding="UTF-8"?>
<!-- Generated by org.testng.reporters.JUnitReportReporter -->
<testsuite hostname="DESKTOP-AP33V73" failures="0" tests="1" name="test.Testcase1" time="25.986" errors="0" timestamp="2024-12-18T09:48:23 IST" skipped="0">
  <testcase classname="test.Testcase1" name="login" time="25.986"/>
  <system-out/>
</testsuite> <!-- test.Testcase1 -->
